1.8427 	INFO 	Screen res set as: 1920x1080
1.8437 	INFO 	Loaded monitor calibration from ['2018_09_18 09:28']
2.2077 	EXP 	Created window1 = Window(allowGUI=True, allowStencil=False, args=UNKNOWN, autoLog=True, bitsMode=UNKNOWN, blendMode='avg', color='Gainsboro', colorSpace='named', fullscr=UNKNOWN, gamma=None, kwargs=UNKNOWN, lms=UNKNOWN, monitor=<psychopy.monitors.calibTools.Monitor object at 0x7f47cc0a90f0>, multiSample=False, name='window1', numSamples=2, pos=None, screen=0, size=array([1920, 1080]), stereo=False, units='pix', useFBO=False, useRetina=False, viewOri=0.0, viewPos=None, viewScale=None, waitBlanking=True, winType='pygame')
2.2078 	INFO 	Detected framerate: 30 frames per sec.
2.2078 	INFO 	Mouse: using default window
2.2329 	INFO 	using sysFont Arial
2.2359 	EXP 	Created unnamed TextStim = TextStim(__class__=<class 'psychopy.visual.text.TextStim'>, alignHoriz='center', alignVert='center', antialias=True, autoLog=True, bold=False, color='black', colorSpace='named', contrast=1.0, depth=0, flipHoriz=False, flipVert=False, font='Arial', fontFiles=[], height=32, italic=False, name='unnamed TextStim', opacity=1.0, ori=0.0, pos=array([   0., -300.]), rgb=array([0., 0., 0.]), text=str(...), units='pix', win=Window(...), wrapWidth=1920)
2.2888 	EXP 	Created unnamed ImageStim = ImageStim(__class__=<class 'psychopy.visual.image.ImageStim'>, autoLog=True, color=array([1., 1., 1.]), colorSpace='rgb', contrast=1.0, depth=0, flipHoriz=False, flipVert=False, image='images/clock.png', interpolate=True, mask=None, maskParams=None, name='unnamed ImageStim', opacity=1.0, ori=0.0, pos=array([600., 400.]), size=array([50., 50.]), texRes=128, units='pix', win=Window(...))
2.2908 	EXP 	Created unnamed ImageStim = ImageStim(__class__=<class 'psychopy.visual.image.ImageStim'>, autoLog=True, color=array([1., 1., 1.]), colorSpace='rgb', contrast=1.0, depth=0, flipHoriz=False, flipVert=False, image='images/instruction.png', interpolate=True, mask=None, maskParams=None, name='unnamed ImageStim', opacity=1.0, ori=0.0, pos=array([0., 0.]), size=array([1920., 1080.]), texRes=128, units='pix', win=Window(...))
3.0657 	INFO 	using sysFont 
3.0662 	EXP 	Created unnamed TextStim = TextStim(__class__=<class 'psychopy.visual.text.TextStim'>, alignHoriz='center', alignVert='center', antialias=True, autoLog=True, bold=False, color='black', colorSpace='named', contrast=1.0, depth=0, flipHoriz=False, flipVert=False, font='', fontFiles=[], height=32, italic=False, name='unnamed TextStim', opacity=1.0, ori=0.0, pos=array([-50.,   0.]), rgb=array([0., 0., 0.]), text='V', units='pix', win=Window(...), wrapWidth=500)
3.0665 	INFO 	using sysFont 
3.0668 	EXP 	Created unnamed TextStim = TextStim(__class__=<class 'psychopy.visual.text.TextStim'>, alignHoriz='center', alignVert='center', antialias=True, autoLog=True, bold=False, color='black', colorSpace='named', contrast=1.0, depth=0, flipHoriz=False, flipVert=False, font='', fontFiles=[], height=32, italic=False, name='unnamed TextStim', opacity=1.0, ori=0.0, pos=array([0., 0.]), rgb=array([0., 0., 0.]), text='V', units='pix', win=Window(...), wrapWidth=500)
3.0670 	INFO 	using sysFont 
3.0674 	EXP 	Created unnamed TextStim = TextStim(__class__=<class 'psychopy.visual.text.TextStim'>, alignHoriz='center', alignVert='center', antialias=True, autoLog=True, bold=False, color='black', colorSpace='named', contrast=1.0, depth=0, flipHoriz=False, flipVert=False, font='', fontFiles=[], height=32, italic=False, name='unnamed TextStim', opacity=1.0, ori=0.0, pos=array([50.,  0.]), rgb=array([0., 0., 0.]), text='U', units='pix', win=Window(...), wrapWidth=500)
3.0677 	INFO 	using sysFont 
3.0680 	EXP 	Created unnamed TextStim = TextStim(__class__=<class 'psychopy.visual.text.TextStim'>, alignHoriz='center', alignVert='center', antialias=True, autoLog=True, bold=False, color='black', colorSpace='named', contrast=1.0, depth=0, flipHoriz=False, flipVert=False, font='', fontFiles=[], height=32, italic=False, name='unnamed TextStim', opacity=1.0, ori=0.0, pos=array([-50.,  50.]), rgb=array([0., 0., 0.]), text='V', units='pix', win=Window(...), wrapWidth=500)
3.0683 	INFO 	using sysFont 
3.0686 	EXP 	Created unnamed TextStim = TextStim(__class__=<class 'psychopy.visual.text.TextStim'>, alignHoriz='center', alignVert='center', antialias=True, autoLog=True, bold=False, color='black', colorSpace='named', contrast=1.0, depth=0, flipHoriz=False, flipVert=False, font='', fontFiles=[], height=32, italic=False, name='unnamed TextStim', opacity=1.0, ori=0.0, pos=array([ 0., 50.]), rgb=array([0., 0., 0.]), text='V', units='pix', win=Window(...), wrapWidth=500)
3.0689 	INFO 	using sysFont 
3.0693 	EXP 	Created unnamed TextStim = TextStim(__class__=<class 'psychopy.visual.text.TextStim'>, alignHoriz='center', alignVert='center', antialias=True, autoLog=True, bold=False, color='black', colorSpace='named', contrast=1.0, depth=0, flipHoriz=False, flipVert=False, font='', fontFiles=[], height=32, italic=False, name='unnamed TextStim', opacity=1.0, ori=0.0, pos=array([50., 50.]), rgb=array([0., 0., 0.]), text='Y', units='pix', win=Window(...), wrapWidth=500)
3.0695 	INFO 	using sysFont 
3.0699 	EXP 	Created unnamed TextStim = TextStim(__class__=<class 'psychopy.visual.text.TextStim'>, alignHoriz='center', alignVert='center', antialias=True, autoLog=True, bold=False, color='black', colorSpace='named', contrast=1.0, depth=0, flipHoriz=False, flipVert=False, font='', fontFiles=[], height=32, italic=False, name='unnamed TextStim', opacity=1.0, ori=0.0, pos=array([-50., 100.]), rgb=array([0., 0., 0.]), text='V', units='pix', win=Window(...), wrapWidth=500)
3.0702 	INFO 	using sysFont 
3.0705 	EXP 	Created unnamed TextStim = TextStim(__class__=<class 'psychopy.visual.text.TextStim'>, alignHoriz='center', alignVert='center', antialias=True, autoLog=True, bold=False, color='black', colorSpace='named', contrast=1.0, depth=0, flipHoriz=False, flipVert=False, font='', fontFiles=[], height=32, italic=False, name='unnamed TextStim', opacity=1.0, ori=0.0, pos=array([  0., 100.]), rgb=array([0., 0., 0.]), text='W', units='pix', win=Window(...), wrapWidth=500)
3.0708 	INFO 	using sysFont 
3.0712 	EXP 	Created unnamed TextStim = TextStim(__class__=<class 'psychopy.visual.text.TextStim'>, alignHoriz='center', alignVert='center', antialias=True, autoLog=True, bold=False, color='black', colorSpace='named', contrast=1.0, depth=0, flipHoriz=False, flipVert=False, font='', fontFiles=[], height=32, italic=False, name='unnamed TextStim', opacity=1.0, ori=0.0, pos=array([ 50., 100.]), rgb=array([0., 0., 0.]), text='W', units='pix', win=Window(...), wrapWidth=500)
3.0768 	EXP 	unnamed TextStim: autoDraw = True
3.0768 	EXP 	unnamed TextStim: autoDraw = True
3.0768 	EXP 	unnamed TextStim: autoDraw = True
3.0768 	EXP 	unnamed TextStim: autoDraw = True
3.0768 	EXP 	unnamed TextStim: autoDraw = True
3.0768 	EXP 	unnamed TextStim: autoDraw = True
3.0768 	EXP 	unnamed TextStim: autoDraw = True
3.0768 	EXP 	unnamed TextStim: autoDraw = True
3.0768 	EXP 	unnamed TextStim: autoDraw = True
3.0768 	EXP 	unnamed TextStim: autoDraw = True
4.9567 	EXP 	unnamed TextStim: autoDraw = False
4.9567 	EXP 	unnamed TextStim: autoDraw = False
4.9567 	EXP 	unnamed TextStim: autoDraw = False
4.9567 	EXP 	unnamed TextStim: autoDraw = False
4.9567 	EXP 	unnamed TextStim: autoDraw = False
4.9567 	EXP 	unnamed TextStim: autoDraw = False
4.9567 	EXP 	unnamed TextStim: autoDraw = False
4.9567 	EXP 	unnamed TextStim: autoDraw = False
4.9567 	EXP 	unnamed TextStim: autoDraw = False
4.9567 	EXP 	unnamed TextStim: autoDraw = False
